2024-07-31T13:12:31.140Z [INFO   ] - {"unique":123457,"email":"ram@gmail.com"}
2024-07-31T13:14:04.595Z [INFO   ] - {"unique":123457,"email":"ram@gmail.com"}
2024-07-31T13:15:19.275Z [INFO   ] - {"unique":123457,"email":"ram@gmail.com"}
2024-07-31T13:16:39.941Z [INFO   ] - {"unique":123457,"email":"ram@gmail.com"}
2024-07-31T13:16:41.365Z [INFO   ] - {"unique":123457,"email":"ram@gmail.com"}
2024-07-31T13:16:42.784Z [INFO   ] - {"unique":123457,"email":"ram@gmail.com"}
2024-07-31T13:16:44.560Z [INFO   ] - {"unique":123457,"email":"ram@gmail.com"}
2024-07-31T13:16:44.783Z [INFO   ] - {"unique":123457,"email":"ram@gmail.com"}
2024-07-31T13:16:49.522Z [INFO   ] - {"unique":123457,"email":"ram@gmail.com"}
2024-07-31T13:16:51.055Z [INFO   ] - {"unique":123457,"email":"ram@gmail.com"}
2024-07-31T13:17:06.041Z [INFO   ] - {"unique":123457,"email":"ram@gmail.com"}
2024-07-31T13:17:07.683Z [INFO   ] - {"unique":123457,"email":"ram@gmail.com"}
2024-07-31T13:17:08.222Z [INFO   ] - {"unique":123457,"email":"ram@gmail.com"}
2024-07-31T13:17:41.151Z [INFO   ] - {"unique":123457,"email":"ram@gmail.com"}
2024-07-31T13:18:09.500Z [INFO   ] - {"unique":123457,"email":"ram@gmail.com"}
2024-07-31T13:18:49.160Z [INFO   ] - {"unique":"123456","email":"ram@gmail.com"}
2024-07-31T13:19:24.609Z [INFO   ] - {"unique":"123456","email":"ram@gmail.com"}
2024-07-31T13:21:06.760Z [INFO   ] - {"unique":123564,"email":"ram@gmail.com"}
2024-07-31T13:22:19.668Z [INFO   ] - {"unique":123564,"email":"ram@gmail.com"}
2024-07-31T13:23:13.112Z [INFO   ] - {"unique":123564,"email":"ram@gmail.com"}
2024-07-31T13:24:12.710Z [INFO   ] - {"unique":123564,"email":"ram@gmail.com"}
2024-07-31T13:25:44.544Z [INFO   ] - {"unique":123564,"email":"ram@gmail.com"}
2024-07-31T13:27:24.565Z [INFO   ] - {"unique":123564,"email":"ram@gmail.com"}
2024-07-31T13:28:51.894Z [INFO   ] - {"unique":123467,"email":"reetick255870@gmail.com"}
2024-07-31T13:31:38.917Z [INFO   ] - {"unique":123467,"email":"reetick255870@gmail.com"}
2024-07-31T13:33:45.994Z [INFO   ] - {"unique":123467,"email":"reetick255870@gmail.com"}
2024-07-31T13:35:42.829Z [INFO   ] - {"unique":123467,"email":"reetick255870@gmail.com"}
2024-07-31T13:36:48.969Z [INFO   ] - {"unique":123467,"email":"reetick255870@gmail.com"}
2024-07-31T14:25:56.763Z [INFO   ] - {"unique":123467,"email":"reetick255870@gmail.com"}
2024-07-31T14:29:03.360Z [INFO   ] - {"unique":123467,"email":"reetick255870@gmail.com"}
2024-07-31T14:30:06.624Z [INFO   ] - {"unique":123564,"email":"ram@gmail.com"}
2024-07-31T14:32:24.082Z [INFO   ] - {"unique":123564,"email":"ram@gmail.com"}
2024-07-31T14:34:56.602Z [INFO   ] - {"unique":123564,"email":"ram@gmail.com"}
2024-07-31T14:35:36.120Z [INFO   ] - {"unique":123564,"email":"ram@gmail.com"}
2024-07-31T14:37:00.381Z [INFO   ] - {"unique":123564,"email":"ram@gmail.com"}
2024-07-31T14:47:36.479Z [INFO   ] - {"unique":123564,"email":"ram@gmail.com"}
2024-07-31T14:52:23.204Z [INFO   ] - {"unique":123564,"email":"ram@gmail.com"}
2024-07-31T14:52:29.396Z [INFO   ] - {"unique":123564,"email":"ram@gmail.com"}
2024-07-31T14:53:38.380Z [INFO   ] - {"unique":123564,"email":"ram@gmail.com"}
2024-07-31T14:56:59.387Z [INFO   ] - {"unique":123564,"email":"ram@gmail.com"}
2024-07-31T15:01:09.529Z [INFO   ] - {"unique":123564,"email":"ram@gmail.com"}
2024-07-31T15:02:21.174Z [INFO   ] - {"unique":123564,"email":"ram@gmail.com"}
2024-07-31T15:03:26.487Z [INFO   ] - {"unique":123564,"email":"ram@gmail.com"}
2024-07-31T15:04:40.175Z [INFO   ] - {"unique":123467,"email":"reetick255870@gmail.com"}
2024-07-31T15:06:28.129Z [INFO   ] - {"unique":123467,"email":"reetick255870@gmail.com"}
2024-07-31T15:19:02.875Z [INFO   ] - {"unique":123467,"email":"reetick255870@gmail.com"}
2024-07-31T15:23:17.474Z [INFO   ] - {"unique":123467,"email":"reetick255870@gmail.com"}
2024-07-31T15:26:20.790Z [INFO   ] - {"unique":123467,"email":"reetick255870@gmail.com"}
2024-07-31T15:28:07.870Z [INFO   ] - {"unique":123467,"email":"reetick255870@gmail.com"}
2024-07-31T15:30:00.548Z [INFO   ] - {"unique":123467,"email":"reetick255870@gmail.com"}
2024-07-31T15:33:24.510Z [INFO   ] - {"unique":123467,"email":"reetick255870@gmail.com"}
2024-07-31T15:38:57.229Z [INFO   ] - {"unique":123467,"email":"reetick255870@gmail.com"}
2024-07-31T15:46:58.020Z [INFO   ] - {"unique":123467,"email":"reetick255870@gmail.com"}
2024-07-31T15:47:21.883Z [INFO   ] - {"unique":123467,"email":"reetick255870@gmail.com"}
2024-07-31T15:49:46.482Z [INFO   ] - {"unique":123467,"email":"reetick255870@gmail.com"}
2024-07-31T15:52:48.227Z [INFO   ] - {"unique":123467,"email":"reetick255870@gmail.com"}
2024-07-31T15:57:48.707Z [INFO   ] - {"unique":123467,"email":"reetick255870@gmail.com"}
2024-07-31T15:58:19.571Z [INFO   ] - {"unique":123467,"email":"reetick255870@gmail.com"}
2024-07-31T16:09:44.799Z [INFO   ] - {"unique":123467,"email":"reetick255870@gmail.com"}
2024-07-31T16:11:41.337Z [INFO   ] - {"unique":123467,"email":"reetick255870@gmail.com"}
2024-07-31T16:12:55.571Z [INFO   ] - {"unique":123467,"email":"reetick255870@gmail.com"}
2024-08-01T07:15:11.280Z [INFO   ] - {"unique":123457,"email":"reetick255870@gmail.com"}
2024-08-01T07:47:20.142Z [INFO   ] - {"unique":123457,"email":"debarati.sen@aiinhome.com"}
2024-08-01T08:23:29.054Z [INFO   ] - {"unique":123457,"email":"debarati.sen@aiinhome.com"}
2024-08-01T08:25:05.672Z [INFO   ] - {"unique":123457,"email":"debarati.sen@aiinhome.com"}
2024-08-01T08:25:10.107Z [INFO   ] - {"unique":123457,"email":"debarati.sen@aiinhome.com"}
2024-08-01T08:25:22.400Z [INFO   ] - {"unique":123457,"email":"debarati.sen@aiinhome.com"}
2024-08-01T08:26:09.970Z [INFO   ] - {"unique":123457,"email":"debarati.sen@aiinhome.com"}
2024-08-01T08:27:18.539Z [INFO   ] - {"unique":123457,"email":"debarati.sen@aiinhome.com"}
2024-08-01T08:27:46.833Z [INFO   ] - {"unique":123457,"email":"debarati.sen@aiinhome.com"}
2024-08-01T08:28:58.763Z [INFO   ] - {"unique":123457,"email":"debarati.sen@aiinhome.com"}
2024-08-01T08:46:33.488Z [INFO   ] - {"unique":123457,"email":"reetick255870@gmail.com"}
2024-08-01T08:50:06.930Z [INFO   ] - {"unique":123579,"email":"subha@gmail.com"}
2024-08-01T09:33:08.492Z [INFO   ] - {"unique":123457,"email":"reetick255870@gmail.com"}
2024-08-01T12:02:36.053Z [INFO   ] - {"unique":123457,"email":"debarati.sen@aiinhome.com"}
2024-08-01T13:00:50.499Z [INFO   ] - {"unique":123584,"email":"reetick255870@gmail.com"}
2024-08-01T13:04:31.126Z [INFO   ] - {"unique":123584,"email":"reetick255870@gmail.com"}
2024-08-01T13:13:41.932Z [INFO   ] - {"unique":123584,"email":"reetick255870@gmail.com"}
2024-08-01T13:14:18.510Z [INFO   ] - {"unique":123584,"email":"reetick255870@gmail.com"}
2024-08-01T13:30:33.335Z [INFO   ] - {"unique":123584,"email":"reetick255870@gmail.com"}
2024-08-01T13:31:29.289Z [INFO   ] - {"unique":123584,"email":"reetick255870@gmail.com"}
2024-08-01T13:32:29.884Z [INFO   ] - {"unique":123584,"email":"reetick255870@gmail.com"}
2024-08-01T13:42:24.056Z [INFO   ] - {"unique":123584,"email":"reetick255870@gmail.com"}
2024-08-01T13:43:04.872Z [INFO   ] - {"unique":123584,"email":"reetick255870@gmail.com"}
2024-08-01T13:44:51.173Z [INFO   ] - {"unique":123584,"email":"reetick255870@gmail.com"}
2024-08-01T13:44:59.602Z [INFO   ] - {"unique":123584,"email":"reetick255870@gmail.com"}
2024-08-01T13:46:42.726Z [INFO   ] - {"unique":123584,"email":"reetick255870@gmail.com"}
2024-08-01T13:46:56.192Z [INFO   ] - {"unique":123584,"email":"reetick255870@gmail.com"}
2024-08-01T13:50:14.642Z [INFO   ] - {"unique":123584,"email":"reetick255870@gmail.com"}
2024-08-01T13:56:29.291Z [INFO   ] - {"unique":"ram@gmail.com","email":"reetick255870@gmail.com"}
2024-08-01T13:57:05.183Z [INFO   ] - {"unique":"ram@gmail.com","email":"reetick255870@gmail.com"}
2024-08-01T14:03:45.283Z [INFO   ] - {"unique":123467,"email":"reetick255870@gmail.com"}
2024-08-01T14:05:06.138Z [INFO   ] - {"unique":123467,"email":"reetick255870@gmail.com"}
2024-08-01T14:11:03.617Z [INFO   ] - {"unique":123467,"email":"reetick255870@gmail.com"}
2024-08-01T14:15:38.580Z [INFO   ] - {"unique":123467,"email":"reetick255870@gmail.com"}
2024-08-01T14:23:55.581Z [INFO   ] - {"unique":123467,"email":"reetick255870@gmail.com"}
2024-08-01T14:28:10.045Z [INFO   ] - {"unique":123584,"email":"reetick255870@gmail.com"}
2024-08-01T14:43:10.493Z [INFO   ] - {"unique":123467,"email":"reetick255870@gmail.com"}
2024-08-01T14:51:37.299Z [INFO   ] - {"unique":123584,"email":"reetick255870@gmail.com"}
2024-08-01T14:52:31.417Z [INFO   ] - {"unique":123467,"email":"reetick255870@gmail.com"}
2024-08-01T14:56:12.491Z [INFO   ] - {"unique":123467,"email":"reetick255870@gmail.com"}
2024-08-01T14:59:27.483Z [INFO   ] - {"unique":123467,"email":"reetick255870@gmail.com"}
2024-08-01T15:05:15.877Z [INFO   ] - {"unique":123467,"email":"reetick255870@gmail.com"}
2024-08-01T15:09:30.891Z [INFO   ] - {"unique":123457,"email":"sam@gmail.com"}
2024-08-01T15:10:18.044Z [INFO   ] - {"unique":123457,"email":"sam@gmail.com"}
2024-08-01T15:13:23.659Z [INFO   ] - {"unique":123467,"email":"sam@gmail.com"}
2024-08-01T15:17:50.721Z [INFO   ] - {"unique":123467,"email":"reetick255870@gmail.com"}
2024-08-01T15:19:56.906Z [INFO   ] - {"unique":123467,"email":"reetick255870@gmail.com"}
2024-08-01T15:24:11.394Z [INFO   ] - {"unique":123467,"email":"reetick255870@gmail.com"}
2024-08-01T15:26:51.216Z [INFO   ] - {"unique":123467,"email":"reetick255870@gmail.com"}
2024-08-01T15:35:17.554Z [INFO   ] - {"unique":123467,"email":"reetick255870@gmail.com"}
2024-08-01T15:38:20.081Z [INFO   ] - {"unique":123467,"email":"reetick255870@gmail.com"}
2024-08-01T15:45:23.223Z [INFO   ] - {"unique":123467,"email":"reetick255870@gmail.com"}
2024-08-01T15:54:27.562Z [INFO   ] - {"unique":123467,"email":"reetick255870@gmail.com"}
2024-08-01T15:57:07.041Z [INFO   ] - {"unique":123467,"email":"reetick255870@gmail.com"}
2024-08-01T15:59:51.278Z [INFO   ] - {"unique":123467,"email":"reetick255870@gmail.com"}
2024-08-01T16:01:46.893Z [INFO   ] - {"unique":123467,"email":"reetick255870@gmail.com"}
2024-08-01T16:03:06.222Z [INFO   ] - {"unique":123467,"email":"reetick255870@gmail.com"}
2024-08-01T16:03:58.025Z [INFO   ] - {"unique":123467,"email":"reetick255870@gmail.com"}
2024-08-01T16:07:05.318Z [INFO   ] - {"unique":123581,"email":"ram@gmail.com"}
2024-08-01T16:19:45.881Z [INFO   ] - {"unique":123581,"email":"ram@gmail.com"}
2024-08-01T16:23:03.728Z [INFO   ] - {"unique":123581,"email":"ram@gmail.com"}
2024-08-01T16:23:38.559Z [INFO   ] - {"unique":123581,"email":"ram@gmail.com"}
2024-08-01T16:36:54.827Z [INFO   ] - {"unique":123581,"email":"ram@gmail.com"}
2024-08-01T16:37:41.701Z [INFO   ] - {"unique":123581,"email":"ram@gmail.com"}
2024-08-01T16:39:52.085Z [INFO   ] - {"unique":123584,"email":"ram@gmail.com"}
2024-08-01T16:48:30.749Z [INFO   ] - {"unique":123467,"email":"debasishsahoo510@gmail.com"}
2024-08-01T16:51:55.160Z [INFO   ] - {"unique":123467,"email":"debasishsahoo510@gmail.com"}
2024-08-01T16:51:55.166Z [INFO   ] - {"unique":123467,"email":"debasishsahoo510@gmail.com"}
2024-08-01T16:51:55.185Z [INFO   ] - {"unique":123467,"email":"debasishsahoo510@gmail.com"}
2024-08-01T16:51:55.200Z [INFO   ] - {"unique":123467,"email":"debasishsahoo510@gmail.com"}
2024-08-01T16:51:55.777Z [INFO   ] - {"unique":123467,"email":"debasishsahoo510@gmail.com"}
2024-08-01T16:52:33.767Z [INFO   ] - {"unique":123467,"email":"debasishsahoo510@gmail.com"}
2024-08-01T16:54:40.313Z [INFO   ] - {"unique":123467,"email":"debasishsahoo510@gmail.com"}
2024-08-01T16:56:43.373Z [INFO   ] - {"unique":123584,"email":"ram@gmail.com"}
2024-08-01T17:00:21.244Z [INFO   ] - {"unique":123467,"email":"debasishsahoo510@gmail.com"}
2024-08-01T18:17:39.959Z [INFO   ] - {"unique":123581,"email":"debasishsahoo510@gmail.com"}
2024-08-01T18:18:26.402Z [INFO   ] - {"unique":123581,"email":"debasishsahoo510@gmail.com"}
2024-08-01T18:20:03.207Z [INFO   ] - {"unique":123581,"email":"debasishsahoo510@gmail.com"}
2024-08-01T18:21:34.407Z [INFO   ] - {"unique":123581,"email":"debasishsahoo510@gmail.com"}
2024-08-01T18:21:40.077Z [INFO   ] - {"unique":123581,"email":"debasishsahoo510@gmail.com"}
2024-08-01T18:21:56.842Z [INFO   ] - {"unique":123581,"email":"debasishsahoo510@gmail.com"}
2024-08-01T18:22:06.476Z [INFO   ] - {"unique":123581,"email":"debasishsahoo510@gmail.com"}
2024-08-01T18:25:25.074Z [INFO   ] - {"unique":123581,"email":"debasishsahoo510@gmail.com"}
2024-08-01T18:26:38.609Z [INFO   ] - {"unique":123584,"email":"reetick255870@gmail.com"}
2024-08-01T18:28:13.091Z [INFO   ] - {"unique":123581,"email":"debasishsahoo510@gmail.com"}
2024-08-01T18:28:29.140Z [INFO   ] - {"unique":123581,"email":"debasishsahoo510@gmail.com"}
2024-08-01T18:28:42.429Z [INFO   ] - {"unique":123584,"email":"reetick255870@gmail.com"}
2024-08-02T05:03:25.318Z [INFO   ] - {"unique":"john@gmail.com","email":"reetick255870@gmail.com"}
2024-08-02T05:03:41.078Z [INFO   ] - {"unique":123459,"email":"reetick255870@gmail.com"}
2024-08-02T05:06:35.147Z [INFO   ] - {"unique":123581,"email":"john@gmail.com"}
2024-08-02T05:10:04.125Z [INFO   ] - {"unique":123459,"email":"reetick255870@gmail.com"}
2024-08-02T05:20:00.118Z [INFO   ] - {"unique":123459,"email":"reetick255870@gmail.com"}
2024-08-02T05:20:28.393Z [INFO   ] - {"unique":123459,"email":"reetick255870@gmail.com"}
2024-08-02T05:20:51.461Z [INFO   ] - {"unique":123459,"email":"reetick255870@gmail.com"}
2024-08-02T05:24:59.503Z [INFO   ] - {"unique":123459,"email":"reetick255870@gmail.com"}
2024-08-02T05:25:32.793Z [INFO   ] - {"unique":123459,"email":"reetick255870@gmail.com"}
2024-08-02T05:26:16.627Z [INFO   ] - {"unique":123459,"email":"reetick255870@gmail.com"}
2024-08-02T05:34:16.172Z [INFO   ] - {"unique":123467,"email":"reetick255870@gmail.com"}
2024-08-02T05:41:29.359Z [INFO   ] - {"unique":123582,"email":"reetick255870@gmail.com"}
2024-08-02T05:44:10.329Z [INFO   ] - {"unique":123582,"email":"reetick255870@gmail.com"}
2024-08-02T05:46:40.353Z [INFO   ] - {"unique":123582,"email":"reetick255870@gmail.com"}
2024-08-02T06:24:01.757Z [INFO   ] - {"unique":123582,"email":"debarati.sen@aiinhome.com"}
2024-08-02T06:25:45.493Z [INFO   ] - {"unique":123582,"email":"debarati.sen@aiinhome.com"}
2024-08-02T09:55:14.320Z [INFO   ] - {"unique":123581,"email":"subhasri.s@aiinhome.com"}
2024-08-02T12:51:49.403Z [INFO   ] - {"unique":123467,"email":"reetick255870@gmail.com"}
2024-08-02T12:54:31.463Z [INFO   ] - {"unique":123467,"email":"reetick255870@gmail.com"}
2024-08-02T12:55:11.981Z [INFO   ] - {"unique":123467,"email":"reetick255870@gmail.com"}
2024-08-02T12:56:11.836Z [INFO   ] - {"unique":123467,"email":"reetick255870@gmail.com"}
2024-08-03T06:58:54.212Z [INFO   ] - {"unique":123581,"email":"ram@gmail.com"}
2024-08-03T07:00:09.653Z [INFO   ] - {"unique":123581,"email":"ram@gmail.com"}
2024-08-03T07:11:09.857Z [INFO   ] - {"unique":123581,"email":"ram@gmail.com"}
2024-08-03T07:15:29.807Z [INFO   ] - {"unique":123467,"email":"reetick255870@gmail.com"}
2024-08-03T07:17:23.647Z [INFO   ] - {"unique":123467,"email":"reetick255870@gmail.com"}
2024-08-05T10:44:31.271Z [INFO   ] - {"unique":123458,"email":"reetick255870@gmail.com"}
2024-08-05T10:55:00.036Z [INFO   ] - {"unique":123457,"email":"sancharikarmakar40@gmail.com"}
2024-08-05T11:12:29.098Z [INFO   ] - {"unique":123457,"email":"sabanasultana132@gmail.com"}
2024-08-05T11:14:08.212Z [INFO   ] - {"unique":123473,"email":"avishekjanaedupater@gmail.com"}
2024-08-05T11:18:25.704Z [INFO   ] - {"unique":"khatuadipsha@gmail.com","email":"khatuadipsha@gmail.com"}
2024-08-05T11:20:01.492Z [INFO   ] - {"unique":123461,"email":"reetick255870@gmail.com"}
2024-08-05T11:20:05.979Z [INFO   ] - {"unique":123473,"email":"avishekjanaedupater@gmail.com"}
2024-08-05T11:21:37.891Z [INFO   ] - {"unique":123461,"email":"reetick255870@gmail.com"}
2024-08-05T11:23:16.224Z [INFO   ] - {"unique":123473,"email":"avishekjanaedupater@gmail.com"}
2024-08-05T11:29:08.731Z [INFO   ] - {"unique":123458,"email":"chatterjee.tania0802@gmail.com"}
2024-08-05T11:45:04.446Z [INFO   ] - {"unique":123458,"email":"chatterjee.tania0802@gmail.com"}
2024-08-05T11:47:19.528Z [INFO   ] - {"unique":123458,"email":"chatterjee.tania0802@gmail.com"}
2024-08-05T11:49:43.983Z [INFO   ] - {"unique":123458,"email":"chatterjee.tania0802@gmail.com"}
2024-08-05T12:09:57.728Z [INFO   ] - {"unique":123458,"email":"chatterjee.tania0802@gmail.com"}
2024-08-05T12:14:04.940Z [INFO   ] - {"unique":123458,"email":"chatterjee.tania0802@gmail.com"}
2024-08-05T12:17:42.448Z [INFO   ] - {"unique":123458,"email":"chatterjee.tania0802@gmail.com"}
2024-08-05T12:20:58.280Z [INFO   ] - {"unique":123458,"email":"chatterjee.tania0802@gmail.com"}
2024-08-05T12:56:09.962Z [INFO   ] - {"unique":123458,"email":"chatterjee.tania0802@gmail.com"}
2024-08-05T13:16:02.642Z [INFO   ] - {"unique":123458,"email":"chatterjee.tania0802@gmail.com"}
2024-08-05T13:21:04.919Z [INFO   ] - {"unique":123458,"email":"chatterjee.tania0802@gmail.com"}
2024-08-05T13:21:57.530Z [INFO   ] - {"unique":123458,"email":"chatterjee.tania0802@gmail.com"}
2024-08-05T13:23:16.164Z [INFO   ] - {"unique":123458,"email":"chatterjee.tania0802@gmail.com"}
2024-08-05T14:51:33.421Z [INFO   ] - {"unique":123458,"email":"chatterjee.tania0802@gmail.com"}
2024-08-05T14:52:28.869Z [INFO   ] - {"unique":123458,"email":"chatterjee.tania0802@gmail.com"}
2024-08-05T14:53:05.069Z [INFO   ] - {"unique":123458,"email":"chatterjee.tania0802@gmail.com"}
2024-08-05T14:54:20.108Z [INFO   ] - {"unique":123458,"email":"chatterjee.tania0802@gmail.com"}
2024-08-05T14:54:44.133Z [INFO   ] - {"unique":123458,"email":"chatterjee.tania0802@gmail.com"}
2024-08-05T14:59:21.850Z [INFO   ] - {"unique":123458,"email":"chatterjee.tania0802@gmail.com"}
2024-08-05T15:10:25.008Z [INFO   ] - {"unique":123458,"email":"chatterjee.tania0802@gmail.com"}
2024-08-05T15:12:07.029Z [INFO   ] - {"unique":123458,"email":"chatterjee.tania0802@gmail.com"}
2024-08-06T06:56:08.607Z [INFO   ] - {"unique":123468,"email":"debasishsahoo510@gmail.com"}
2024-08-06T06:59:30.367Z [INFO   ] - {"unique":123468,"email":"debasishsahoo510@gmail.com"}
2024-08-06T07:06:54.777Z [INFO   ] - {"unique":123458,"email":"chatterjee.tania0802@gmail.com"}
2024-08-06T07:06:59.033Z [INFO   ] - {"unique":123458,"email":"chatterjee.tania0802@gmail.com"}
2024-08-06T07:07:00.682Z [INFO   ] - {"unique":123458,"email":"chatterjee.tania0802@gmail.com"}
2024-08-06T07:07:08.168Z [INFO   ] - {"unique":123458,"email":"chatterjee.tania0802@gmail.com"}
2024-08-06T07:07:09.512Z [INFO   ] - {"unique":123458,"email":"chatterjee.tania0802@gmail.com"}
2024-08-06T07:07:09.951Z [INFO   ] - {"unique":123458,"email":"chatterjee.tania0802@gmail.com"}
2024-08-06T07:07:10.256Z [INFO   ] - {"unique":123458,"email":"chatterjee.tania0802@gmail.com"}
2024-08-06T07:07:10.531Z [INFO   ] - {"unique":123458,"email":"chatterjee.tania0802@gmail.com"}
2024-08-06T07:07:10.776Z [INFO   ] - {"unique":123458,"email":"chatterjee.tania0802@gmail.com"}
2024-08-06T07:07:11.066Z [INFO   ] - {"unique":123458,"email":"chatterjee.tania0802@gmail.com"}
2024-08-06T07:07:11.916Z [INFO   ] - {"unique":123458,"email":"chatterjee.tania0802@gmail.com"}
2024-08-06T07:07:52.710Z [INFO   ] - {"unique":123458,"email":"chatterjee.tania0802@gmail.com"}
2024-08-06T07:08:04.149Z [INFO   ] - {"unique":123458,"email":"chatterjee.tania0802@gmail.com"}
2024-08-06T07:08:14.824Z [INFO   ] - {"unique":123458,"email":"chatterjee.tania0802@gmail.com"}
2024-08-06T07:08:16.806Z [INFO   ] - {"unique":123458,"email":"chatterjee.tania0802@gmail.com"}
2024-08-06T07:12:29.686Z [INFO   ] - {"unique":123463,"email":"avishekjanaedupater@gmail.com"}
2024-08-06T07:14:33.294Z [INFO   ] - {"unique":123458,"email":"chatterjee.tania0802@gmail.com"}
2024-08-06T07:17:13.382Z [INFO   ] - {"unique":123458,"email":"chatterjee.tania0802@gmail.com"}
2024-08-06T07:20:47.479Z [INFO   ] - {"unique":123458,"email":"chatterjee.tania0802@gmail.com"}
2024-08-06T07:21:51.978Z [INFO   ] - {"unique":123458,"email":"chatterjee.tania0802@gmail.com"}
2024-08-06T07:23:21.799Z [INFO   ] - {"unique":123458,"email":"chatterjee.tania0802@gmail.com"}
2024-08-06T07:26:54.314Z [INFO   ] - {"unique":123458,"email":"chatterjee.tania0802@gmail.com"}
2024-08-06T07:33:08.770Z [INFO   ] - {"unique":123458,"email":"chatterjee.tania0802@gmail.com"}
2024-08-06T07:42:54.359Z [INFO   ] - {"unique":123458,"email":"chatterjee.tania0802@gmail.com"}
2024-08-06T08:17:56.498Z [INFO   ] - {"unique":123458,"email":"chatterjee.tania0802@gmail.com"}
2024-08-06T08:24:07.065Z [INFO   ] - {"unique":123463,"email":"avishekjanaedupater@gmail.com"}
2024-08-06T08:25:34.995Z [INFO   ] - {"unique":123468,"email":"debasishsahoo510@gmail.com"}
2024-08-06T08:29:04.582Z [INFO   ] - {"unique":123458,"email":"chatterjee.tania0802@gmail.com"}
2024-08-06T09:56:52.990Z [INFO   ] - {"unique":123458,"email":"chatterjee.tania0802@gmail.com"}
2024-08-06T09:57:54.408Z [INFO   ] - {"unique":123458,"email":"chatterjee.tania0802@gmail.com"}
2024-08-06T09:59:40.926Z [INFO   ] - {"unique":123458,"email":"chatterjee.tania0802@gmail.com"}
2024-08-06T10:00:52.774Z [INFO   ] - {"unique":123458,"email":"chatterjee.tania0802@gmail.com"}
2024-08-06T10:04:31.466Z [INFO   ] - {"unique":123458,"email":"chatterjee.tania0802@gmail.com"}
2024-08-06T10:05:14.750Z [INFO   ] - {"unique":123458,"email":"chatterjee.tania0802@gmail.com"}
2024-08-06T10:14:30.694Z [INFO   ] - {"unique":123458,"email":"chatterjee.tania0802@gmail.com"}
2024-08-06T10:17:25.386Z [INFO   ] - {"unique":123458,"email":"chatterjee.tania0802@gmail.com"}
2024-08-06T10:49:56.618Z [INFO   ] - {"unique":123458,"email":"chatterjee.tania0802@gmail.com"}
2024-08-06T10:50:46.054Z [INFO   ] - {"unique":123458,"email":"chatterjee.tania0802@gmail.com"}
2024-08-06T10:54:42.928Z [INFO   ] - {"unique":123458,"email":"chatterjee.tania0802@gmail.com"}
2024-08-06T10:57:10.725Z [INFO   ] - {"unique":123458,"email":"chatterjee.tania0802@gmail.com"}
2024-08-06T12:03:10.305Z [INFO   ] - {"unique":123458,"email":"chatterjee.tania0802@gmail.com"}
2024-08-06T12:07:07.206Z [INFO   ] - {"unique":123458,"email":"chatterjee.tania0802@gmail.com"}
2024-08-06T12:19:38.592Z [INFO   ] - {"unique":123458,"email":"chatterjee.tania0802@gmail.com"}
2024-08-06T12:23:15.816Z [INFO   ] - {"unique":123458,"email":"chatterjee.tania0802@gmail.com"}
2024-08-06T12:40:32.836Z [INFO   ] - {"unique":123458,"email":"chatterjee.tania0802@gmail.com"}
2024-08-06T12:42:45.808Z [INFO   ] - {"unique":123458,"email":"chatterjee.tania0802@gmail.com"}
2024-08-06T12:52:40.251Z [INFO   ] - {"unique":123458,"email":"chatterjee.tania0802@gmail.com"}
2024-08-06T13:55:32.439Z [INFO   ] - {"unique":123458,"email":"chatterjee.tania0802@gmail.com"}
2024-08-06T13:55:55.659Z [INFO   ] - {"unique":123458,"email":"chatterjee.tania0802@gmail.com"}
2024-08-06T17:28:19.901Z [INFO   ] - {"unique":123468,"email":"khatuadipsha@gmail.com"}
2024-08-06T17:29:42.017Z [INFO   ] - {"unique":123468,"email":"khatuadipsha@gmail.com"}
2024-08-06T17:33:35.463Z [INFO   ] - {"unique":123458,"email":"avishekjanaedupater@gmail.com"}
2024-08-06T17:33:37.069Z [INFO   ] - {"unique":123458,"email":"avishekjanaedupater@gmail.com"}
2024-08-07T04:45:53.019Z [INFO   ] - {"unique":123458,"email":"chatterjee.tania0802@gmail.com"}
2024-08-07T04:52:01.983Z [INFO   ] - {"unique":123458,"email":"chatterjee.tania0802@gmail.com"}
2024-08-07T04:53:08.649Z [INFO   ] - {"unique":123462,"email":"khatuadipsha@gmail.com"}
2024-08-07T05:04:23.691Z [INFO   ] - {"unique":123458,"email":"chatterjee.tania0802@gmail.com"}
2024-08-07T05:26:16.116Z [INFO   ] - {"unique":123473,"email":"hmofficial00@gmail.com"}
2024-08-07T05:33:05.425Z [INFO   ] - {"unique":123464,"email":"subhasrisamanta089@gmail.com"}
2024-08-07T06:45:58.417Z [INFO   ] - {"unique":123458,"email":"chatterjee.tania0802@gmail.com"}
2024-08-07T06:46:43.811Z [INFO   ] - {"unique":123458,"email":"chatterjee.tania0802@gmail.com"}
2024-08-07T06:51:52.622Z [INFO   ] - {"unique":123475,"email":"khatuadipsha@gmail.com"}
2024-08-07T06:57:30.613Z [INFO   ] - {"unique":123475,"email":"chatterjee.tania0802@gmail.com"}
2024-08-07T07:11:46.329Z [INFO   ] - {"unique":123475,"email":"chatterjee.tania0802@gmail.com"}
2024-08-07T07:18:50.103Z [INFO   ] - {"unique":123475,"email":"khatuadipsha@gmail.com"}
2024-08-07T07:19:29.445Z [INFO   ] - {"unique":123475,"email":"khatuadipsha@gmail.com"}
2024-08-07T07:20:23.055Z [INFO   ] - {"unique":123475,"email":"khatuadipsha@gmail.com"}
2024-08-07T07:23:35.598Z [INFO   ] - {"unique":123475,"email":"chatterjee.tania0802@gmail.com"}
2024-08-07T07:29:27.808Z [INFO   ] - {"unique":123475,"email":"chatterjee.tania0802@gmail.com"}
2024-08-07T07:35:22.752Z [INFO   ] - {"unique":123458,"email":"chatterjee.tania0802@gmail.com"}
2024-08-07T07:35:46.785Z [INFO   ] - {"unique":123458,"email":"chatterjee.tania0802@gmail.com"}
2024-08-07T07:36:46.965Z [INFO   ] - {"unique":123462,"email":"khatuadipsha@gmail.com"}
2024-08-07T07:42:25.511Z [INFO   ] - {"unique":123462,"email":"avishekjanaiidm@gmail.com"}
2024-08-07T07:42:26.601Z [INFO   ] - {"unique":123462,"email":"avishekjanaiidm@gmail.com"}
2024-08-07T07:42:26.795Z [INFO   ] - {"unique":123462,"email":"avishekjanaiidm@gmail.com"}
2024-08-07T07:42:26.911Z [INFO   ] - {"unique":123462,"email":"avishekjanaiidm@gmail.com"}
2024-08-07T07:46:03.823Z [INFO   ] - {"unique":123475,"email":"khatuadipsha@gmail.com"}
2024-08-07T07:47:28.060Z [INFO   ] - {"unique":123458,"email":"chatterjee.tania0802@gmail.com"}
2024-08-07T07:48:31.628Z [INFO   ] - {"unique":123462,"email":"khatuadipsha@gmail.com"}
2024-08-07T08:09:26.209Z [INFO   ] - {"unique":123458,"email":"chatterjee.tania0802@gmail.com"}
2024-08-07T08:11:28.193Z [INFO   ] - {"unique":123462,"email":"khatuadipsha@gmail.com"}
2024-08-07T10:03:02.412Z [INFO   ] - {"unique":123458,"email":"chatterjee.tania0802@gmail.com"}
2024-08-07T10:13:03.868Z [INFO   ] - {"unique":123462,"email":"khatuadipsha@gmail.com"}
2024-08-07T10:36:50.408Z [INFO   ] - {"unique":123458,"email":"chatterjee.tania0802@gmail.com"}
2024-08-07T11:23:15.234Z [INFO   ] - {"unique":123458,"email":"chatterjee.tania0802@gmail.com"}
2024-08-07T12:01:53.083Z [INFO   ] - {"unique":123458,"email":"chatterjee.tania0802@gmail.com"}
2024-08-07T12:15:21.157Z [INFO   ] - {"unique":123458,"email":"chatterjee.tania0802@gmail.com"}
2024-08-07T12:16:04.333Z [INFO   ] - {"unique":123458,"email":"chatterjee.tania0802@gmail.com"}
2024-08-07T12:17:06.962Z [INFO   ] - {"unique":123458,"email":"chatterjee.tania0802@gmail.com"}
2024-08-07T12:18:05.035Z [INFO   ] - {"unique":123458,"email":"chatterjee.tania0802@gmail.com"}
2024-08-07T12:20:46.138Z [INFO   ] - {"unique":123458,"email":"chatterjee.tania0802@gmail.com"}
2024-08-07T12:24:37.107Z [INFO   ] - {"unique":123458,"email":"chatterjee.tania0802@gmail.com"}
2024-08-07T12:26:22.628Z [INFO   ] - {"unique":123458,"email":"chatterjee.tania0802@gmail.com"}
2024-08-07T12:27:32.333Z [INFO   ] - {"unique":123458,"email":"chatterjee.tania0802@gmail.com"}
2024-08-07T12:28:25.977Z [INFO   ] - {"unique":123458,"email":"chatterjee.tania0802@gmail.com"}
2024-08-07T12:29:32.830Z [INFO   ] - {"unique":123458,"email":"chatterjee.tania0802@gmail.com"}
2024-08-08T07:06:06.175Z [INFO   ] - {"unique":123458,"email":"chatterjee.tania0802@gmail.com"}
2024-08-08T07:30:55.518Z [INFO   ] - {"unique":123458,"email":"chatterjee.tania0802@gmail.com"}
2024-08-08T07:32:50.338Z [INFO   ] - {"unique":123458,"email":"chatterjee.tania0802@gmail.com"}
2024-08-08T07:33:34.279Z [INFO   ] - {"unique":123462,"email":"khatuadipsha@gmail.com"}
2024-08-08T08:33:09.754Z [INFO   ] - {"unique":123458,"email":"chatterjee.tania0802@gmail.com"}
2024-08-08T09:58:44.968Z [INFO   ] - {"unique":123458,"email":"chatterjee.tania0802@gmail.com"}
2024-08-08T10:07:34.459Z [INFO   ] - {"unique":123458,"email":"chatterjee.tania0802@gmail.com"}
2024-08-08T10:09:39.613Z [INFO   ] - {"unique":123458,"email":"chatterjee.tania0802@gmail.com"}
2024-08-08T10:18:52.969Z [INFO   ] - {"unique":123458,"email":"chatterjee.tania0802@gmail.com"}
2024-08-08T10:25:33.271Z [INFO   ] - {"unique":123458,"email":"avishekjanaiidm@gmail.com"}
2024-08-08T10:48:01.378Z [INFO   ] - {"unique":123458,"email":"chatterjee.tania0802@gmail.com"}
2024-08-08T11:04:18.097Z [INFO   ] - {"unique":123458,"email":"chatterjee.tania0802@gmail.com"}
2024-08-08T11:04:27.373Z [INFO   ] - {"unique":123458,"email":"chatterjee.tania0802@gmail.com"}
2024-08-08T11:17:27.889Z [INFO   ] - {"unique":123458,"email":"chatterjee.tania0802@gmail.com"}
2024-08-08T11:42:04.643Z [INFO   ] - {"unique":123458,"email":"chatterjee.tania0802@gmail.com"}
2024-08-08T11:43:04.239Z [INFO   ] - {"unique":123458,"email":"chatterjee.tania0802@gmail.com"}
2024-08-08T11:44:29.650Z [INFO   ] - {"unique":123458,"email":"chatterjee.tania0802@gmail.com"}
2024-08-08T12:11:05.037Z [INFO   ] - {"unique":123458,"email":"chatterjee.tania0802@gmail.com"}
2024-08-08T12:27:59.902Z [INFO   ] - {"unique":123458,"email":"chatterjee.tania0802@gmail.com"}
2024-08-08T12:28:40.194Z [INFO   ] - {"unique":123458,"email":"chatterjee.tania0802@gmail.com"}
2024-08-08T12:29:43.692Z [INFO   ] - {"unique":123458,"email":"chatterjee.tania0802@gmail.com"}
2024-08-08T12:31:31.434Z [INFO   ] - {"unique":123458,"email":"chatterjee.tania0802@gmail.com"}
2024-08-08T12:32:40.497Z [INFO   ] - {"unique":123482,"email":"khatuadipsha@gmail.com"}
2024-08-08T12:34:27.587Z [INFO   ] - {"unique":123458,"email":"chatterjee.tania0802@gmail.com"}
2024-08-08T12:34:36.254Z [INFO   ] - {"unique":123482,"email":"khatuadipsha@gmail.com"}
2024-08-08T12:35:35.352Z [INFO   ] - {"unique":123458,"email":"chatterjee.tania0802@gmail.com"}
2024-08-08T12:36:02.031Z [INFO   ] - {"unique":123482,"email":"khatuadipsha@gmail.com"}
2024-08-08T12:39:20.725Z [INFO   ] - {"unique":123458,"email":"chatterjee.tania0802@gmail.com"}
2024-08-08T12:43:27.276Z [INFO   ] - {"unique":123458,"email":"chatterjee.tania0802@gmail.com"}
2024-08-08T12:43:48.793Z [INFO   ] - {"unique":123458,"email":"chatterjee.tania0802@gmail.com"}
2024-08-08T12:45:15.103Z [INFO   ] - {"unique":123475,"email":"chatterjee.tania0802@gmail.com"}
2024-08-08T12:45:20.571Z [INFO   ] - {"unique":123475,"email":"chatterjee.tania0802@gmail.com"}
2024-08-08T12:45:24.277Z [INFO   ] - {"unique":123475,"email":"chatterjee.tania0802@gmail.com"}
2024-08-08T12:45:44.009Z [INFO   ] - {"unique":123475,"email":"chatterjee.tania0802@gmail.com"}
2024-08-09T05:51:45.881Z [INFO   ] - {"unique":123458,"email":"chatterjee.tania0802@gmail.com"}
2024-08-09T05:52:41.683Z [INFO   ] - {"unique":123458,"email":"chatterjee.tania0802@gmail.com"}
2024-08-09T12:13:37.350Z [INFO   ] - {"unique":123475,"email":"chatterjee.tania0802@gmail.com"}
2024-08-09T12:17:32.520Z [INFO   ] - {"unique":123475,"email":"chatterjee.tania0802@gmail.com"}
2024-08-09T12:29:24.756Z [INFO   ] - {"unique":123475,"email":"chatterjee.tania0802@gmail.com"}
2024-08-09T12:31:05.683Z [INFO   ] - {"unique":123475,"email":"chatterjee.tania0802@gmail.com"}
2024-08-09T12:42:08.218Z [INFO   ] - {"unique":123475,"email":"chatterjee.tania0802@gmail.com"}
2024-08-09T13:18:56.399Z [INFO   ] - {"unique":123475,"email":"chatterjee.tania0802@gmail.com"}
2024-08-09T13:19:35.875Z [INFO   ] - {"unique":123475,"email":"chatterjee.tania0802@gmail.com"}
2024-08-09T13:33:35.996Z [INFO   ] - {"unique":123475,"email":"chatterjee.tania0802@gmail.com"}
2024-08-09T13:34:08.097Z [INFO   ] - {"unique":123475,"email":"chatterjee.tania0802@gmail.com"}
2024-08-09T13:34:46.614Z [INFO   ] - {"unique":123475,"email":"chatterjee.tania0802@gmail.com"}
2024-08-09T13:36:54.664Z [INFO   ] - {"unique":123475,"email":"chatterjee.tania0802@gmail.com"}
2024-08-09T14:37:17.256Z [INFO   ] - {"unique":123475,"email":"chatterjee.tania0802@gmail.com"}
2024-08-09T14:38:05.596Z [INFO   ] - {"unique":123475,"email":"chatterjee.tania0802@gmail.com"}
2024-08-09T14:38:20.290Z [INFO   ] - {"unique":123475,"email":"chatterjee.tania0802@gmail.com"}
2024-08-09T14:40:21.452Z [INFO   ] - {"unique":123475,"email":"chatterjee.tania0802@gmail.com"}
2024-08-14T11:15:42.117Z [INFO   ] - {"unique":123473,"email":"reetick255870@gmail.com"}
2024-08-14T11:18:44.553Z [INFO   ] - {"unique":123473,"email":"reetick255870@gmail.com"}
2024-08-14T11:19:59.274Z [INFO   ] - {"unique":123473,"email":"reetick255870@gmail.com"}
2024-08-14T11:21:15.772Z [INFO   ] - {"unique":123473,"email":"reetick255870@gmail.com"}
2024-08-14T11:27:36.482Z [INFO   ] - {"unique":123473,"email":"reetick255870@gmail.com"}
2024-08-14T11:29:02.080Z [INFO   ] - {"unique":123473,"email":"reetick255870@gmail.com"}
2024-08-14T12:32:32.840Z [INFO   ] - {"unique":123473,"email":"reetick255870@gmail.com"}
